{
  "candidates": [],
  "diagnostics": {
    "region": [
      0.254,
      -0.254,
      300.0,
      72.0
    ],
    "area": 1,
    "pitch_mm": 0.5,
    "layers": [
      "F.Cu",
      "B.Cu"
    ],
    "seed": 0,
    "movable": [
      "ACPLATE1",
      "ACPLATE2",
      "ACPLATE3",
      "ADCP1",
      "ADCT1",
      "ADCT2",
      "B+1",
      "C+1",
      "C1",
      "C10",
      "C104",
      "C11",
      "C12",
      "C13",
      "C14",
      "C15",
      "C16",
      "C17",
      "C18",
      "C19",
      "C2",
      "C20",
      "C21",
      "C27",
      "C28",
      "C29",
      "C3",
      "C30",
      "C31",
      "C32",
      "C33",
      "C34",
      "C35",
      "C36",
      "C37",
      "C38",
      "C39",
      "C40",
      "C41",
      "C42",
      "C43",
      "C44",
      "C45",
      "C46",
      "C47",
      "C48",
      "C49",
      "C50",
      "C51",
      "C52",
      "C53",
      "C54",
      "C55",
      "C56",
      "C57",
      "C58",
      "C59",
      "C6",
      "C60",
      "C61",
      "C62",
      "C63",
      "C64",
      "C65",
      "C66",
      "C67",
      "C68",
      "C69",
      "C7",
      "C70",
      "C71",
      "C72",
      "C73",
      "C74",
      "C75",
      "C76",
      "C8",
      "C9",
      "CCS1",
      "CCS2",
      "CCS3",
      "D+1",
      "D1",
      "D3",
      "D4",
      "D5",
      "D6",
      "D7",
      "EQBuffer1",
      "EQP1",
      "EQT1",
      "EQT2",
      "FXP1",
      "FXT1",
      "FXT2",
      "G1",
      "G1P1",
      "G1T1",
      "G1T2",
      "G2",
      "G2P1",
      "G3",
      "G4",
      "G5",
      "G6",
      "G7",
      "G8",
      "GPIOPENTODE1",
      "GPIOTRIODE1",
      "GstopP1",
      "GstopT1",
      "GstopT2",
      "J1",
      "J4",
      "KBC1P1",
      "KBC1T1",
      "KBC1T2",
      "KBC2P1",
      "KBC2T1",
      "KBC2T2",
      "KBC3P1",
      "KBC3T1",
      "KBC3T2",
      "KP1",
      "KT1",
      "KT2",
      "Kbias1",
      "Kbias2",
      "Kbias3",
      "KbyT1T1",
      "KbyT1T2",
      "KbyT2T1",
      "KbyT2T2",
      "Kbyp1P1",
      "Kbyp2P1",
      "Kbyp3P1",
      "Kbyp3T1",
      "Kbyp3T2",
      "KbypenP1",
      "KbypenT1",
      "KbypenT2",
      "LEDEQ1",
      "LEDP1",
      "LEDTRIODES1",
      "NFBa1",
      "NFBa2",
      "NFBa3",
      "NFBb1",
      "NFBb2",
      "NFBb3",
      "OUTDRIVERP1",
      "P1LDRScreen1",
      "P1LDRts1",
      "PP1",
      "PT1",
      "PT2",
      "Pri-A1",
      "Pri-B1",
      "Pri-CT1",
      "Q10",
      "Q11",
      "Q12",
      "Q13",
      "Q14",
      "Q15",
      "Q16",
      "Q17",
      "Q18",
      "Q19",
      "Q2",
      "Q20",
      "Q21",
      "Q22",
      "Q23",
      "Q24",
      "Q25",
      "Q26",
      "Q27",
      "Q28",
      "Q29",
      "Q3",
      "Q30",
      "Q31",
      "Q32",
      "Q4",
      "Q5",
      "Q6",
      "Q7",
      "Q8",
      "Q9",
      "R1",
      "R100",
      "R101",
      "R102",
      "R103",
      "R104",
      "R105",
      "R106",
      "R107",
      "R108",
      "R109",
      "R110",
      "R111",
      "R112",
      "R113",
      "R114",
      "R115",
      "R116",
      "R117",
      "R118",
      "R119",
      "R120",
      "R121",
      "R122",
      "R123",
      "R124",
      "R125",
      "R126",
      "R127",
      "R128",
      "R129",
      "R130",
      "R131",
      "R132",
      "R133",
      "R134",
      "R135",
      "R136",
      "R138",
      "R139",
      "R140",
      "R141",
      "R142",
      "R143",
      "R144",
      "R145",
      "R146",
      "R147",
      "R148",
      "R149",
      "R150",
      "R151",
      "R152",
      "R153",
      "R154",
      "R155",
      "R156",
      "R157",
      "R158",
      "R159",
      "R160",
      "R161",
      "R162",
      "R163",
      "R164",
      "R165",
      "R166",
      "R167",
      "R168",
      "R169",
      "R170",
      "R171",
      "R172",
      "R173",
      "R174",
      "R175",
      "R176",
      "R177",
      "R178",
      "R179",
      "R18",
      "R2",
      "R203",
      "R204",
      "R205",
      "R206",
      "R207",
      "R208",
      "R209",
      "R21",
      "R210",
      "R211",
      "R212",
      "R213",
      "R214",
      "R215",
      "R216",
      "R22",
      "R23",
      "R24",
      "R25",
      "R26",
      "R27",
      "R28",
      "R29",
      "R3",
      "R30",
      "R31",
      "R32",
      "R33",
      "R34",
      "R35",
      "R36",
      "R37",
      "R38",
      "R39",
      "R4",
      "R40",
      "R41",
      "R42",
      "R43",
      "R44",
      "R45",
      "R46",
      "R47",
      "R48",
      "R49",
      "R5",
      "R50",
      "R51",
      "R52",
      "R53",
      "R54",
      "R55",
      "R56",
      "R57",
      "R58",
      "R59",
      "R6",
      "R71",
      "R72",
      "R73",
      "R74",
      "R75",
      "R76",
      "R77",
      "R78",
      "R79",
      "R80",
      "R81",
      "R82",
      "R83",
      "R84",
      "R85",
      "R86",
      "R87",
      "R88",
      "R89",
      "R90",
      "R91",
      "R92",
      "R93",
      "R94",
      "R95",
      "R96",
      "R97",
      "R98",
      "R99",
      "RV1",
      "SourceP1",
      "SourceT1",
      "SourceT2",
      "Spkr+1",
      "Spkr-1",
      "StageP1",
      "StageT1",
      "StageT2",
      "U19",
      "U4",
      "U5",
      "VCFB1",
      "VCFB2",
      "VCFB3",
      "VCFB4",
      "VCFB5",
      "VCFB6",
      "VCFB7",
      "VCFT1",
      "VCFT2",
      "VCFT3",
      "VCFT4",
      "VCFT5",
      "VCFT6",
      "VCFT7",
      "VCFTS1",
      "VOLa1",
      "VOLa2",
      "VOLa3",
      "VOLa4",
      "VOLa5",
      "VOLb1",
      "VOLb2",
      "VOLb3",
      "VOLb4",
      "VOLb5",
      "doutdriverT1",
      "doutdriverT2"
    ],
    "movable_source": "explicit list",
    "auto_fixed": [],
    "auto_fixed_note": "locked footprints inside the fence, frozen at their KiCad position as obstacles + fixed HPWL anchors (never moved)",
    "unplaced_free_parts": [],
    "unplaced_note": "unlocked parts sitting off every board outline (a default-placed pile) \u2014 assigned to NO area, not auto-added; name them in components to place them, or roughly place them in KiCad first",
    "frozen_obstacles": [],
    "seeded": [
      {
        "ref": "ACPLATE1",
        "constraint": "off-board pile -> fence scatter",
        "from": [
          535.604,
          -12.044
        ],
        "to": [
          14.754,
          6.246
        ],
        "distance_mm": 521.171,
        "displaces_movable": 0
      },
      {
        "ref": "ACPLATE2",
        "constraint": "off-board pile -> fence scatter",
        "from": [
          535.604,
          37.236
        ],
        "to": [
          43.754,
          6.246
        ],
        "distance_mm": 492.825,
        "displaces_movable": 0
      },
      {
        "ref": "ACPLATE3",
        "constraint": "off-board pile -> fence scatter",
        "from": [
          437.334,
          47.266
        ],
        "to": [
          72.754,
          6.246
        ],
        "distance_mm": 366.88,
        "displaces_movable": 0
      },
      {
        "ref": "ADCP1",
        "constraint": "off-board pile -> fence scatter",
        "from": [
          436.555,
          -100.823
        ],
        "to": [
          101.754,
          6.246
        ],
        "distance_mm": 351.505,
        "displaces_movable": 0
      },
      {
        "ref": "ADCT1",
        "constraint": "off-board pile -> fence scatter",
        "from": [
          502.414,
          -69.923
        ],
        "to": [
          130.754,
          6.246
        ],
        "distance_mm": 379.385,
        "displaces_movable": 0
      },
      {
        "ref": "ADCT2",
        "constraint": "off-board pile -> fence scatter",
        "from": [
          513.574,
          -89.033
        ],
        "to": [
          159.754,
          6.246
        ],
        "distance_mm": 366.424,
        "displaces_movable": 0
      },
      {
        "ref": "B+1",
        "constraint": "off-board pile -> fence scatter",
        "from": [
          567.135,
          -52.333
        ],
        "to": [
          188.754,
          6.246
        ],
        "distance_mm": 382.889,
        "displaces_movable": 0
      },
      {
        "ref": "C+1",
        "constraint": "off-board pile -> fence scatter",
        "from": [
          565.735,
          -45.123
        ],
        "to": [
          217.754,
          6.246
        ],
        "distance_mm": 351.752,
        "displaces_movable": 0
      },
      {
        "ref": "C1",
        "constraint": "off-board pile -> fence scatter",
        "from": [
          333.875,
          -43.253
        ],
        "to": [
          246.754,
          6.246
        ],
        "distance_mm": 100.201,
        "displaces_movable": 0
      },
      {
        "ref": "C10",
        "constraint": "off-board pile -> fence scatter",
        "from": [
          438.11,
          -86.933
        ],
        "to": [
          275.754,
          6.246
        ],
        "distance_mm": 187.195,
        "displaces_movable": 0
      },
      {
        "ref": "C104",
        "constraint": "off-board pile -> fence scatter",
        "from": [
          584.885,
          -98.743
        ],
        "to": [
          14.754,
          19.246
        ],
        "distance_mm": 582.212,
        "displaces_movable": 0
      },
      {
        "ref": "C11",
        "constraint": "off-board pile -> fence scatter",
        "from": [
          503.969,
          -81.713
        ],
        "to": [
          43.754,
          19.246
        ],
        "distance_mm": 471.159,
        "displaces_movable": 0
      },
      {
        "ref": "C12",
        "constraint": "off-board pile -> fence scatter",
        "from": [
          449.269,
          -100.823
        ],
        "to": [
          72.754,
          19.246
        ],
        "distance_mm": 395.196,
        "displaces_movable": 0
      },
      {
        "ref": "C13",
        "constraint": "off-board pile -> fence scatter",
        "from": [
          433.805,
          -42.133
        ],
        "to": [
          101.754,
          19.246
        ],
        "distance_mm": 337.676,
        "displaces_movable": 0
      },
      {
        "ref": "C14",
        "constraint": "off-board pile -> fence scatter",
        "from": [
          503.969,
          -87.563
        ],
        "to": [
          130.754,
          19.246
        ],
        "distance_mm": 388.198,
        "displaces_movable": 0
      },
      {
        "ref": "C15",
        "constraint": "off-board pile -> fence scatter",
        "from": [
          515.13,
          -100.823
        ],
        "to": [
          159.754,
          19.246
        ],
        "distance_mm": 375.112,
        "displaces_movable": 0
      },
      {
        "ref": "C16",
        "constraint": "off-board pile -> fence scatter",
        "from": [
          444.964,
          -56.023
        ],
        "to": [
          188.754,
          19.246
        ],
        "distance_mm": 267.037,
        "displaces_movable": 0
      },
      {
        "ref": "C17",
        "constraint": "off-board pile -> fence scatter",
        "from": [
          503.969,
          -41.233
        ],
        "to": [
          217.754,
          19.246
        ],
        "distance_mm": 292.535,
        "displaces_movable": 0
      },
      {
        "ref": "C18",
        "constraint": "off-board pile -> fence scatter",
        "from": [
          500.045,
          -45.863
        ],
        "to": [
          246.754,
          19.246
        ],
        "distance_mm": 261.525,
        "displaces_movable": 0
      },
      {
        "ref": "C19",
        "constraint": "off-board pile -> fence scatter",
        "from": [
          511.204,
          -64.973
        ],
        "to": [
          275.754,
          19.246
        ],
        "distance_mm": 250.059,
        "displaces_movable": 0
      },
      {
        "ref": "C2",
        "constraint": "off-board pile -> fence scatter",
        "from": [
          347.224,
          -55.563
        ],
        "to": [
          14.754,
          32.246
        ],
        "distance_mm": 343.87,
        "displaces_movable": 0
      },
      {
        "ref": "C20",
        "constraint": "off-board pile -> fence scatter",
        "from": [
          553.705,
          -67.183
        ],
        "to": [
          43.754,
          32.246
        ],
        "distance_mm": 519.554,
        "displaces_movable": 0
      },
      {
        "ref": "C21",
        "constraint": "off-board pile -> fence scatter",
        "from": [
          553.705,
          -65.373
        ],
        "to": [
          72.754,
          32.246
        ],
        "distance_mm": 490.758,
        "displaces_movable": 0
      },
      {
        "ref": "C27",
        "constraint": "off-board pile -> fence scatter",
        "from": [
          365.844,
          -60.163
        ],
        "to": [
          101.754,
          32.246
        ],
        "distance_mm": 279.791,
        "displaces_movable": 0
      },
      {
        "ref": "C28",
        "constraint": "off-board pile -> fence scatter",
        "from": [
          386.445,
          -18.288
        ],
        "to": [
          130.754,
          32.246
        ],
        "distance_mm": 260.637,
        "displaces_movable": 0
      },
      {
        "ref": "C29",
        "constraint": "off-board pile -> fence scatter",
        "from": [
          364.5,
          -53.813
        ],
        "to": [
          159.754,
          32.246
        ],
        "distance_mm": 222.097,
        "displaces_movable": 0
      },
      {
        "ref": "C3",
        "constraint": "off-board pile -> fence scatter",
        "from": [
          360.575,
          -68.913
        ],
        "to": [
          188.754,
          32.246
        ],
        "distance_mm": 199.388,
        "displaces_movable": 0
      },
      {
        "ref": "C30",
        "constraint": "off-board pile -> fence scatter",
        "from": [
          405.7,
          -71.323
        ],
        "to": [
          217.754,
          32.246
        ],
        "distance_mm": 214.593,
        "displaces_movable": 0
      },
      {
        "ref": "C31",
        "constraint": "off-board pile -> fence scatter",
        "from": [
          401.394,
          -92.223
        ],
        "to": [
          246.754,
          32.246
        ],
        "distance_mm": 198.51,
        "displaces_movable": 0
      },
      {
        "ref": "C32",
        "constraint": "off-board pile -> fence scatter",
        "from": [
          405.7,
          -65.473
        ],
        "to": [
          275.754,
          32.246
        ],
        "distance_mm": 162.588,
        "displaces_movable": 0
      },
      {
        "ref": "C33",
        "constraint": "off-board pile -> fence scatter",
        "from": [
          434.185,
          -93.373
        ],
        "to": [
          14.754,
          45.246
        ],
        "distance_mm": 441.744,
        "displaces_movable": 0
      },
      {
        "ref": "C34",
        "constraint": "off-board pile -> fence scatter",
        "from": [
          434.185,
          -91.563
        ],
        "to": [
          43.754,
          45.246
        ],
        "distance_mm": 413.707,
        "displaces_movable": 0
      },
      {
        "ref": "C35",
        "constraint": "off-board pile -> fence scatter",
        "from": [
          434.185,
          -95.183
        ],
        "to": [
          72.754,
          45.246
        ],
        "distance_mm": 387.753,
        "displaces_movable": 0
      },
      {
        "ref": "C36",
        "constraint": "off-board pile -> fence scatter",
        "from": [
          531.559,
          164.08
        ],
        "to": [
          101.754,
          45.246
        ],
        "distance_mm": 445.93,
        "displaces_movable": 0
      },
      {
        "ref": "C37",
        "constraint": "off-board pile -> fence scatter",
        "from": [
          541.949,
          123.68
        ],
        "to": [
          130.754,
          45.246
        ],
        "distance_mm": 418.609,
        "displaces_movable": 0
      },
      {
        "ref": "C38",
        "constraint": "off-board pile -> fence scatter",
        "from": [
          531.559,
          171.32
        ],
        "to": [
          159.754,
          45.246
        ],
        "distance_mm": 392.599,
        "displaces_movable": 0
      },
      {
        "ref": "C39",
        "constraint": "off-board pile -> fence scatter",
        "from": [
          541.949,
          132.73
        ],
        "to": [
          188.754,
          45.246
        ],
        "distance_mm": 363.868,
        "displaces_movable": 0
      },
      {
        "ref": "C40",
        "constraint": "off-board pile -> fence scatter",
        "from": [
          541.949,
          110.37
        ],
        "to": [
          217.754,
          45.246
        ],
        "distance_mm": 330.671,
        "displaces_movable": 0
      },
      {
        "ref": "C41",
        "constraint": "off-board pile -> fence scatter",
        "from": [
          541.949,
          173.15
        ],
        "to": [
          246.754,
          45.246
        ],
        "distance_mm": 321.713,
        "displaces_movable": 0
      },
      {
        "ref": "C42",
        "constraint": "off-board pile -> fence scatter",
        "from": [
          552.819,
          117.61
        ],
        "to": [
          275.754,
          45.246
        ],
        "distance_mm": 286.359,
        "displaces_movable": 0
      },
      {
        "ref": "C43",
        "constraint": "off-board pile -> fence scatter",
        "from": [
          482.629,
          110.37
        ],
        "to": [
          14.754,
          58.246
        ],
        "distance_mm": 470.77,
        "displaces_movable": 0
      },
      {
        "ref": "C44",
        "constraint": "off-board pile -> fence scatter",
        "from": [
          531.559,
          121.07
        ],
        "to": [
          43.754,
          58.246
        ],
        "distance_mm": 491.834,
        "displaces_movable": 0
      },
      {
        "ref": "C45",
        "constraint": "off-board pile -> fence scatter",
        "from": [
          482.629,
          119.42
        ],
        "to": [
          72.754,
          58.246
        ],
        "distance_mm": 414.415,
        "displaces_movable": 0
      },
      {
        "ref": "C46",
        "constraint": "off-board pile -> fence scatter",
        "from": [
          531.559,
          131.93
        ],
        "to": [
          101.754,
          58.246
        ],
        "distance_mm": 436.075,
        "displaces_movable": 0
      },
      {
        "ref": "C47",
        "constraint": "off-board pile -> fence scatter",
        "from": [
          482.629,
          170.42
        ],
        "to": [
          130.754,
          58.246
        ],
        "distance_mm": 369.322,
        "displaces_movable": 0
      },
      {
        "ref": "C48",
        "constraint": "off-board pile -> fence scatter",
        "from": [
          488.079,
          138.38
        ],
        "to": [
          159.754,
          58.246
        ],
        "distance_mm": 337.963,
        "displaces_movable": 0
      },
      {
        "ref": "C49",
        "constraint": "off-board pile -> fence scatter",
        "from": [
          488.079,
          140.19
        ],
        "to": [
          188.754,
          58.246
        ],
        "distance_mm": 310.339,
        "displaces_movable": 0
      },
      {
        "ref": "C50",
        "constraint": "off-board pile -> fence scatter",
        "from": [
          520.689,
          171.77
        ],
        "to": [
          217.754,
          58.246
        ],
        "distance_mm": 323.508,
        "displaces_movable": 0
      },
      {
        "ref": "C51",
        "constraint": "off-board pile -> fence scatter",
        "from": [
          498.949,
          110.37
        ],
        "to": [
          246.754,
          58.246
        ],
        "distance_mm": 257.525,
        "displaces_movable": 0
      },
      {
        "ref": "C52",
        "constraint": "off-board pile -> fence scatter",
        "from": [
          498.949,
          112.18
        ],
        "to": [
          275.754,
          58.246
        ],
        "distance_mm": 229.619,
        "displaces_movable": 0
      }
    ],
    "boundary_nets": [
      {
        "net_code": 1,
        "net_name": "+24v",
        "x_mm": 300.254,
        "y_mm": -0.254,
        "side": "right",
        "from_ref": "R16",
        "from_xy": [
          565.2895,
          -42.543
        ],
        "distance_mm": 268.38810663151594
      },
      {
        "net_code": 2,
        "net_name": "+3.3v",
        "x_mm": 155.19400000000002,
        "y_mm": 71.746,
        "side": "bottom",
        "from_ref": "DS1",
        "from_xy": [
          155.19400000000002,
          112.79400000000001
        ],
        "distance_mm": 41.048000000000016
      },
      {
        "net_code": 3,
        "net_name": "+5v",
        "x_mm": 300.254,
        "y_mm": -0.254,
        "side": "right",
        "from_ref": "R19",
        "from_xy": [
          565.2895,
          -38.923
        ],
        "distance_mm": 267.8415722423425
      },
      {
        "net_code": 57,
        "net_name": "EQBuffer",
        "x_mm": 300.254,
        "y_mm": -0.254,
        "side": "right",
        "from_ref": "Q1",
        "from_xy": [
          554.9245,
          -44.843
        ],
        "distance_mm": 258.54446907882203
      },
      {
        "net_code": 71,
        "net_name": "GND-24",
        "x_mm": 300.254,
        "y_mm": -0.254,
        "side": "right",
        "from_ref": "Q1",
        "from_xy": [
          552.9245,
          -43.893
        ],
        "distance_mm": 256.41127879102737
      },
      {
        "net_code": 72,
        "net_name": "GND-5",
        "x_mm": 71.25,
        "y_mm": -0.254,
        "side": "top",
        "from_ref": "S1",
        "from_xy": [
          71.25,
          -22.741
        ],
        "distance_mm": 22.487
      },
      {
        "net_code": 76,
        "net_name": "GND-MASTER (PSU)",
        "x_mm": 300.254,
        "y_mm": -0.254,
        "side": "right",
        "from_ref": "R15",
        "from_xy": [
          574.5895,
          -101.033
        ],
        "distance_mm": 292.26079689422943
      },
      {
        "net_code": 169,
        "net_name": "Net-(D1-A)",
        "x_mm": 300.254,
        "y_mm": -0.254,
        "side": "right",
        "from_ref": "C4",
        "from_xy": [
          574.5395,
          -99.223
        ],
        "distance_mm": 291.5945789469516
      },
      {
        "net_code": 376,
        "net_name": "Return Bot FX",
        "x_mm": 300.254,
        "y_mm": -0.254,
        "side": "right",
        "from_ref": "LEDGLOBAL1",
        "from_xy": [
          553.212,
          -51.068
        ],
        "distance_mm": 258.01126401767806
      },
      {
        "net_code": 377,
        "net_name": "Return Top FX",
        "x_mm": 300.254,
        "y_mm": -0.254,
        "side": "right",
        "from_ref": "LEDGLOBAL1",
        "from_xy": [
          553.212,
          -51.717999999999996
        ],
        "distance_mm": 258.140064809785
      },
      {
        "net_code": 378,
        "net_name": "SCL_Control",
        "x_mm": 300.254,
        "y_mm": 71.746,
        "side": "bottom",
        "from_ref": "GPIO1PAN1",
        "from_xy": [
          398.929,
          148.735
        ],
        "distance_mm": 125.1561494533928
      },
      {
        "net_code": 379,
        "net_name": "SCL_Sense",
        "x_mm": 300.254,
        "y_mm": -0.254,
        "side": "right",
        "from_ref": "U2",
        "from_xy": [
          547.3345,
          -55.413000000000004
        ],
        "distance_mm": 253.1625737767137
      },
      {
        "net_code": 380,
        "net_name": "SDA_Control",
        "x_mm": 300.254,
        "y_mm": 71.746,
        "side": "bottom",
        "from_ref": "GPIO1PAN1",
        "from_xy": [
          398.929,
          149.385
        ],
        "distance_mm": 125.55703861592146
      },
      {
        "net_code": 381,
        "net_name": "SDA_Sense",
        "x_mm": 300.254,
        "y_mm": -0.254,
        "side": "right",
        "from_ref": "U2",
        "from_xy": [
          547.3345,
          -57.953
        ],
        "distance_mm": 253.7280987223331
      },
      {
        "net_code": 388,
        "net_name": "Send Bot FX",
        "x_mm": 300.254,
        "y_mm": -0.254,
        "side": "right",
        "from_ref": "LEDGLOBAL1",
        "from_xy": [
          553.212,
          -52.368
        ],
        "distance_mm": 258.2704372552151
      },
      {
        "net_code": 389,
        "net_name": "Send Top FX",
        "x_mm": 300.254,
        "y_mm": -0.254,
        "side": "right",
        "from_ref": "LEDGLOBAL1",
        "from_xy": [
          553.212,
          -53.018
        ],
        "distance_mm": 258.402378975117
      },
      {
        "net_code": 398,
        "net_name": "VAC_OE",
        "x_mm": 300.254,
        "y_mm": -0.254,
        "side": "right",
        "from_ref": "LEDGLOBAL1",
        "from_xy": [
          558.9369999999999,
          -53.018
        ],
        "distance_mm": 264.0093448819567
      }
    ],
    "fixed_inside_nets": [],
    "courtyard_note": "courtyards are a v1 proxy: pad-bbox union + margin (board.py parses no courtyard layers yet)",
    "geometry_warnings": [],
    "infeasible_reason": "no feasible starting placement found in the region \u2014 C57 courtyard leaves the region fence; C59 courtyard leaves the region fence; C60 courtyard leaves the region fence; C62 courtyard leaves the region fence; C66 courtyard leaves the region fence; C8 courtyard leaves the region fence; +86 more",
    "binding_constraint": null,
    "unrouted": [],
    "suggested_expansion": {
      "direction": "right",
      "mm": 75.0,
      "pressure": {
        "left": 0.0,
        "right": 13.0,
        "top": 1.0,
        "bottom": 3.0
      },
      "reason": "no feasible placement exists yet \u2014 fix the reason above before reading anything into this direction"
    },
    "preflight": [],
    "runtime_s": 7.09
  }
}
