{
  "candidates": [],
  "diagnostics": {
    "region": [
      0.25,
      -0.25,
      57.1,
      72.0
    ],
    "area": null,
    "pitch_mm": 0.5,
    "layers": [
      "F.Cu",
      "B.Cu"
    ],
    "seed": 1,
    "movable": [
      "ACPLATE1",
      "ACPLATE2",
      "ADCT1",
      "ADCT2",
      "C10",
      "C11",
      "C12",
      "C13",
      "C14",
      "C15",
      "C16",
      "C17",
      "C18",
      "C19",
      "C6",
      "C7",
      "C8",
      "C9",
      "CCS1",
      "CCS2",
      "G1T1",
      "G1T2",
      "GstopT1",
      "GstopT2",
      "J1",
      "KT1",
      "KT2",
      "Kbias1",
      "Kbias2",
      "NFBa1",
      "NFBa2",
      "NFBb1",
      "NFBb2",
      "PT1",
      "PT2",
      "Q2",
      "Q3",
      "R21",
      "R213",
      "R214",
      "R22",
      "R23",
      "R24",
      "R25",
      "R26",
      "R27",
      "R28",
      "R29",
      "R30",
      "R31",
      "R32",
      "R33",
      "R34",
      "R35",
      "R36",
      "R37",
      "R38",
      "R39",
      "R40",
      "R41",
      "R42",
      "R43",
      "R44",
      "R45",
      "R46",
      "R47",
      "R48",
      "R49",
      "R50",
      "R51",
      "R52",
      "R53",
      "R54",
      "R55",
      "R56",
      "R57",
      "R58"
    ],
    "movable_source": "explicit list",
    "auto_fixed": [],
    "auto_fixed_note": "locked footprints inside the fence, frozen at their KiCad position as obstacles + fixed HPWL anchors (never moved)",
    "unplaced_free_parts": [],
    "unplaced_note": "unlocked parts sitting off every board outline (a default-placed pile) \u2014 assigned to NO area, not auto-added; name them in components to place them, or roughly place them in KiCad first",
    "frozen_obstacles": [
      "ADCP1",
      "B+1",
      "C+1",
      "C1",
      "C104",
      "C2",
      "C20",
      "C21",
      "C29",
      "C3",
      "C31",
      "C32",
      "C33",
      "C34",
      "C35",
      "C36",
      "C38",
      "C41",
      "C42",
      "C47",
      "C48",
      "C50",
      "C51",
      "C52",
      "C53",
      "C54",
      "C55",
      "C56",
      "C57",
      "C58",
      "C60",
      "C61",
      "C62",
      "C63",
      "C64",
      "C65",
      "C66",
      "C67",
      "C68",
      "C69",
      "C70",
      "C71",
      "C72",
      "C73",
      "C74",
      "C75",
      "C76",
      "D+1",
      "D1",
      "D3",
      "D4",
      "D5",
      "D6",
      "D7",
      "G1",
      "G1P1",
      "G2",
      "G2P1",
      "G3",
      "G4",
      "G5",
      "G6",
      "G7",
      "G8",
      "J4",
      "KP1",
      "PP1",
      "Pri-A1",
      "Pri-B1",
      "Pri-CT1",
      "Q10",
      "Q11",
      "Q12",
      "Q13",
      "Q14",
      "Q15",
      "Q16",
      "Q17",
      "Q18",
      "Q19",
      "Q20",
      "Q21",
      "Q22",
      "Q23",
      "Q24",
      "Q25",
      "Q26",
      "Q27",
      "Q28",
      "Q29",
      "Q30",
      "Q4",
      "Q5",
      "Q6",
      "Q7",
      "Q8",
      "Q9",
      "R1",
      "R100",
      "R101",
      "R102",
      "R103",
      "R104",
      "R105",
      "R106",
      "R107",
      "R108",
      "R109",
      "R110",
      "R111",
      "R112",
      "R113",
      "R114",
      "R115",
      "R116",
      "R117",
      "R118",
      "R119",
      "R120",
      "R121",
      "R122",
      "R123",
      "R124",
      "R125",
      "R126",
      "R127",
      "R128",
      "R129",
      "R130",
      "R131",
      "R132",
      "R133",
      "R134",
      "R135",
      "R136",
      "R138",
      "R139",
      "R140",
      "R141",
      "R142",
      "R143",
      "R144",
      "R145",
      "R146",
      "R147",
      "R148",
      "R149",
      "R150",
      "R151",
      "R152",
      "R153",
      "R154",
      "R155",
      "R156",
      "R157",
      "R158",
      "R159",
      "R160",
      "R161",
      "R162",
      "R163",
      "R164",
      "R165",
      "R166",
      "R167",
      "R168",
      "R169",
      "R170",
      "R171",
      "R172",
      "R173",
      "R176",
      "R177",
      "R178",
      "R179",
      "R18",
      "R2",
      "R203",
      "R204",
      "R205",
      "R206",
      "R207",
      "R208",
      "R209",
      "R210",
      "R211",
      "R212",
      "R215",
      "R216",
      "R3",
      "R4",
      "R5",
      "R59",
      "R6",
      "R71",
      "R72",
      "R73",
      "R74",
      "R75",
      "R76",
      "R77",
      "R78",
      "R79",
      "R80",
      "R81",
      "R82",
      "R83",
      "R84",
      "R85",
      "R86",
      "R87",
      "R88",
      "R89",
      "R90",
      "R91",
      "R92",
      "R93",
      "R94",
      "R95",
      "R96",
      "R97",
      "R98",
      "R99",
      "Spkr+1",
      "Spkr-1",
      "U5"
    ],
    "seeded": [],
    "boundary_nets": [
      {
        "net_code": 2,
        "net_name": "+3.3v",
        "x_mm": 0.25,
        "y_mm": 0.0,
        "side": "left",
        "from_ref": "C20",
        "from_xy": [
          -0.775,
          0.0
        ],
        "distance_mm": 1.025
      },
      {
        "net_code": 3,
        "net_name": "+5v",
        "x_mm": 2.1125,
        "y_mm": -0.25,
        "side": "top",
        "from_ref": "U5",
        "from_xy": [
          2.1125,
          -0.975
        ],
        "distance_mm": 0.725
      },
      {
        "net_code": 14,
        "net_name": "Audio Input T1",
        "x_mm": 57.35,
        "y_mm": 3.38,
        "side": "right",
        "from_ref": "StageT1",
        "from_xy": [
          106.68,
          3.38
        ],
        "distance_mm": 49.330000000000005
      },
      {
        "net_code": 15,
        "net_name": "Audio Input T2",
        "x_mm": 57.35,
        "y_mm": 3.38,
        "side": "right",
        "from_ref": "StageT2",
        "from_xy": [
          94.34,
          3.38
        ],
        "distance_mm": 36.99
      },
      {
        "net_code": 30,
        "net_name": "C+",
        "x_mm": 0.25,
        "y_mm": 0.0,
        "side": "left",
        "from_ref": "C+1",
        "from_xy": [
          0.0,
          0.0
        ],
        "distance_mm": 0.25
      },
      {
        "net_code": 32,
        "net_name": "CCS LED T1",
        "x_mm": 57.35,
        "y_mm": 44.5025,
        "side": "right",
        "from_ref": "LEDTRIODES1",
        "from_xy": [
          88.61500000000001,
          44.5025
        ],
        "distance_mm": 31.265000000000008
      },
      {
        "net_code": 33,
        "net_name": "CCS LED T2",
        "x_mm": 57.35,
        "y_mm": 38.7775,
        "side": "right",
        "from_ref": "LEDTRIODES1",
        "from_xy": [
          91.215,
          38.7775
        ],
        "distance_mm": 33.865
      },
      {
        "net_code": 35,
        "net_name": "Cathode Audio Out T1",
        "x_mm": 57.35,
        "y_mm": 3.38,
        "side": "right",
        "from_ref": "SourceT1",
        "from_xy": [
          124.36,
          3.38
        ],
        "distance_mm": 67.00999999999999
      },
      {
        "net_code": 36,
        "net_name": "Cathode Audio Out T2",
        "x_mm": 57.35,
        "y_mm": 3.38,
        "side": "right",
        "from_ref": "SourceT2",
        "from_xy": [
          112.02,
          3.38
        ],
        "distance_mm": 54.669999999999995
      },
      {
        "net_code": 38,
        "net_name": "Cathode LED T1",
        "x_mm": 57.35,
        "y_mm": 44.5025,
        "side": "right",
        "from_ref": "LEDTRIODES1",
        "from_xy": [
          90.56500000000001,
          44.5025
        ],
        "distance_mm": 33.21500000000001
      },
      {
        "net_code": 39,
        "net_name": "Cathode LED T2",
        "x_mm": 57.35,
        "y_mm": 38.7775,
        "side": "right",
        "from_ref": "LEDTRIODES1",
        "from_xy": [
          89.265,
          38.7775
        ],
        "distance_mm": 31.915
      },
      {
        "net_code": 74,
        "net_name": "GND-C",
        "x_mm": 0.25,
        "y_mm": 0.0,
        "side": "left",
        "from_ref": "G2",
        "from_xy": [
          0.0,
          0.0
        ],
        "distance_mm": 0.25
      },
      {
        "net_code": 75,
        "net_name": "GND-D",
        "x_mm": 0.25,
        "y_mm": 0.0,
        "side": "left",
        "from_ref": "G3",
        "from_xy": [
          0.0,
          0.0
        ],
        "distance_mm": 0.25
      },
      {
        "net_code": 78,
        "net_name": "Gstop LED T1",
        "x_mm": 57.35,
        "y_mm": 44.5025,
        "side": "right",
        "from_ref": "LEDTRIODES1",
        "from_xy": [
          87.31500000000001,
          44.5025
        ],
        "distance_mm": 29.96500000000001
      },
      {
        "net_code": 79,
        "net_name": "Gstop LED T2",
        "x_mm": 57.35,
        "y_mm": 38.7775,
        "side": "right",
        "from_ref": "LEDTRIODES1",
        "from_xy": [
          92.515,
          38.7775
        ],
        "distance_mm": 35.165
      },
      {
        "net_code": 104,
        "net_name": "KbypIn T1",
        "x_mm": 57.35,
        "y_mm": 18.29,
        "side": "right",
        "from_ref": "Kbyp3T1",
        "from_xy": [
          98.64,
          18.29
        ],
        "distance_mm": 41.29
      },
      {
        "net_code": 105,
        "net_name": "KbypIn T2",
        "x_mm": 57.35,
        "y_mm": 18.29,
        "side": "right",
        "from_ref": "Kbyp3T2",
        "from_xy": [
          86.3,
          18.29
        ],
        "distance_mm": 28.949999999999996
      },
      {
        "net_code": 107,
        "net_name": "KbypOut T1",
        "x_mm": 57.35,
        "y_mm": 20.490000000000002,
        "side": "right",
        "from_ref": "KbypenT1",
        "from_xy": [
          73.96,
          20.490000000000002
        ],
        "distance_mm": 16.609999999999992
      },
      {
        "net_code": 108,
        "net_name": "KbypOut T2",
        "x_mm": 57.35,
        "y_mm": 20.490000000000002,
        "side": "right",
        "from_ref": "KbypenT2",
        "from_xy": [
          61.620000000000005,
          20.490000000000002
        ],
        "distance_mm": 4.270000000000003
      },
      {
        "net_code": 109,
        "net_name": "Main Input P1",
        "x_mm": 57.35,
        "y_mm": 29.95,
        "side": "right",
        "from_ref": "StageP1",
        "from_xy": [
          142.66,
          29.95
        ],
        "distance_mm": 85.31
      },
      {
        "net_code": 118,
        "net_name": "NFB LED BOT T1",
        "x_mm": 57.35,
        "y_mm": 44.5025,
        "side": "right",
        "from_ref": "LEDTRIODES1",
        "from_xy": [
          89.915,
          44.5025
        ],
        "distance_mm": 32.565000000000005
      },
      {
        "net_code": 119,
        "net_name": "NFB LED BOT T2",
        "x_mm": 57.35,
        "y_mm": 38.7775,
        "side": "right",
        "from_ref": "LEDTRIODES1",
        "from_xy": [
          89.915,
          38.7775
        ],
        "distance_mm": 32.565000000000005
      },
      {
        "net_code": 121,
        "net_name": "NFB LED Top T1",
        "x_mm": 57.35,
        "y_mm": 44.5025,
        "side": "right",
        "from_ref": "LEDTRIODES1",
        "from_xy": [
          89.265,
          44.5025
        ],
        "distance_mm": 31.915
      },
      {
        "net_code": 122,
        "net_name": "NFB LED Top T2",
        "x_mm": 57.35,
        "y_mm": 38.7775,
        "side": "right",
        "from_ref": "LEDTRIODES1",
        "from_xy": [
          90.56500000000001,
          38.7775
        ],
        "distance_mm": 33.21500000000001
      },
      {
        "net_code": 367,
        "net_name": "Plate Audio Out T1",
        "x_mm": 57.35,
        "y_mm": 7.78,
        "side": "right",
        "from_ref": "SourceT1",
        "from_xy": [
          131.36,
          7.78
        ],
        "distance_mm": 74.01000000000002
      },
      {
        "net_code": 368,
        "net_name": "Plate Audio Out T2",
        "x_mm": 57.35,
        "y_mm": 7.78,
        "side": "right",
        "from_ref": "SourceT2",
        "from_xy": [
          119.02,
          7.78
        ],
        "distance_mm": 61.669999999999995
      },
      {
        "net_code": 370,
        "net_name": "Plate LED T1",
        "x_mm": 57.35,
        "y_mm": 44.5025,
        "side": "right",
        "from_ref": "LEDTRIODES1",
        "from_xy": [
          87.965,
          44.5025
        ],
        "distance_mm": 30.615000000000002
      },
      {
        "net_code": 371,
        "net_name": "Plate LED T2",
        "x_mm": 57.35,
        "y_mm": 38.7775,
        "side": "right",
        "from_ref": "LEDTRIODES1",
        "from_xy": [
          91.86500000000001,
          38.7775
        ],
        "distance_mm": 34.51500000000001
      },
      {
        "net_code": 379,
        "net_name": "SCL_Sense",
        "x_mm": 57.35,
        "y_mm": 38.7775,
        "side": "right",
        "from_ref": "LEDTRIODES1",
        "from_xy": [
          85.36500000000001,
          38.7775
        ],
        "distance_mm": 28.015000000000008
      },
      {
        "net_code": 381,
        "net_name": "SDA_Sense",
        "x_mm": 0.25,
        "y_mm": 1.95,
        "side": "left",
        "from_ref": "ADCP1",
        "from_xy": [
          -2.8625,
          1.95
        ],
        "distance_mm": 3.1125
      }
    ],
    "fixed_inside_nets": [
      "+3.3v",
      "+5v",
      "GND-D",
      "SCL_Sense"
    ],
    "courtyard_note": "courtyards are a v1 proxy: pad-bbox union + margin (board.py parses no courtyard layers yet)",
    "geometry_warnings": [],
    "infeasible_reason": "no feasible starting placement found in the region \u2014 C11 and C8 courtyards overlap; NFBa2 and Q3 courtyards overlap",
    "binding_constraint": null,
    "unrouted": [],
    "suggested_expansion": {
      "direction": "right",
      "mm": 14.5,
      "pressure": {
        "left": 5.0,
        "right": 24.0,
        "top": 1.0,
        "bottom": 0.0
      },
      "reason": "no feasible placement exists yet \u2014 fix the reason above before reading anything into this direction"
    },
    "preflight": [],
    "runtime_s": 2.48
  }
}
