{
  "candidates": [],
  "diagnostics": {
    "region": [
      202.65,
      -0.25,
      50.3,
      72.0
    ],
    "area": null,
    "pitch_mm": 0.5,
    "layers": [
      "F.Cu",
      "B.Cu"
    ],
    "seed": 0,
    "movable": [
      "C43",
      "C44",
      "C45",
      "C46",
      "C47",
      "C48",
      "C49",
      "C50",
      "C51",
      "C52",
      "C53",
      "C54",
      "C55",
      "C56",
      "C57",
      "C58",
      "C59",
      "C60",
      "C61",
      "C62",
      "C63",
      "D3",
      "EQBuffer1",
      "LEDEQ1",
      "Q10",
      "Q11",
      "Q12",
      "Q13",
      "Q14",
      "Q15",
      "Q16",
      "Q17",
      "Q18",
      "Q19",
      "Q20",
      "Q21",
      "Q22",
      "Q23",
      "Q24",
      "Q25",
      "Q26",
      "Q27",
      "Q28",
      "Q29",
      "Q30",
      "Q9",
      "R106",
      "R107",
      "R108",
      "R109",
      "R110",
      "R111",
      "R112",
      "R113",
      "R114",
      "R115",
      "R116",
      "R117",
      "R118",
      "R119",
      "R120",
      "R121",
      "R122",
      "R123",
      "R124",
      "R125",
      "R126",
      "R127",
      "R128",
      "R129",
      "R130",
      "R131",
      "R132",
      "R133",
      "R134",
      "R135",
      "R136",
      "R138",
      "R139",
      "R140",
      "R141",
      "R142",
      "R143",
      "R144",
      "R145",
      "R146",
      "R147",
      "R148",
      "R149",
      "R150",
      "R151",
      "R152",
      "R153",
      "R154",
      "R155",
      "R156",
      "R157",
      "R158",
      "R207",
      "R208",
      "R209",
      "R210",
      "R216",
      "VCFB1",
      "VCFB2",
      "VCFB3",
      "VCFB4",
      "VCFB5",
      "VCFB6",
      "VCFB7",
      "VCFT1",
      "VCFT2",
      "VCFT3",
      "VCFT4",
      "VCFT5",
      "VCFT6",
      "VCFT7",
      "VCFTS1"
    ],
    "movable_source": "explicit list",
    "auto_fixed": [],
    "auto_fixed_note": "locked footprints inside the fence, frozen at their KiCad position as obstacles + fixed HPWL anchors (never moved)",
    "unplaced_free_parts": [],
    "unplaced_note": "unlocked parts sitting off every board outline (a default-placed pile) \u2014 assigned to NO area, not auto-added; name them in components to place them, or roughly place them in KiCad first",
    "frozen_obstacles": [],
    "seeded": [
      {
        "ref": "C47",
        "constraint": "off-board pile -> fence scatter",
        "from": [
          0.0,
          0.0
        ],
        "to": [
          230.65,
          2.25
        ],
        "distance_mm": 230.661,
        "displaces_movable": 0
      },
      {
        "ref": "C48",
        "constraint": "off-board pile -> fence scatter",
        "from": [
          0.0,
          0.0
        ],
        "to": [
          238.65,
          2.25
        ],
        "distance_mm": 238.661,
        "displaces_movable": 0
      },
      {
        "ref": "C50",
        "constraint": "off-board pile -> fence scatter",
        "from": [
          0.0,
          0.0
        ],
        "to": [
          246.65,
          2.25
        ],
        "distance_mm": 246.66,
        "displaces_movable": 0
      },
      {
        "ref": "C51",
        "constraint": "off-board pile -> fence scatter",
        "from": [
          0.0,
          0.0
        ],
        "to": [
          230.65,
          7.25
        ],
        "distance_mm": 230.764,
        "displaces_movable": 0
      },
      {
        "ref": "C52",
        "constraint": "off-board pile -> fence scatter",
        "from": [
          0.0,
          0.0
        ],
        "to": [
          238.65,
          7.25
        ],
        "distance_mm": 238.76,
        "displaces_movable": 0
      },
      {
        "ref": "C53",
        "constraint": "off-board pile -> fence scatter",
        "from": [
          0.0,
          0.0
        ],
        "to": [
          246.65,
          7.25
        ],
        "distance_mm": 246.757,
        "displaces_movable": 0
      },
      {
        "ref": "C54",
        "constraint": "off-board pile -> fence scatter",
        "from": [
          0.0,
          0.0
        ],
        "to": [
          222.65,
          12.25
        ],
        "distance_mm": 222.987,
        "displaces_movable": 0
      },
      {
        "ref": "C55",
        "constraint": "off-board pile -> fence scatter",
        "from": [
          0.0,
          0.0
        ],
        "to": [
          230.65,
          12.25
        ],
        "distance_mm": 230.975,
        "displaces_movable": 0
      },
      {
        "ref": "C56",
        "constraint": "off-board pile -> fence scatter",
        "from": [
          0.0,
          0.0
        ],
        "to": [
          238.65,
          12.25
        ],
        "distance_mm": 238.964,
        "displaces_movable": 0
      },
      {
        "ref": "C57",
        "constraint": "off-board pile -> fence scatter",
        "from": [
          0.0,
          0.0
        ],
        "to": [
          246.65,
          12.25
        ],
        "distance_mm": 246.954,
        "displaces_movable": 0
      },
      {
        "ref": "C58",
        "constraint": "off-board pile -> fence scatter",
        "from": [
          0.0,
          0.0
        ],
        "to": [
          206.65,
          17.25
        ],
        "distance_mm": 207.369,
        "displaces_movable": 0
      },
      {
        "ref": "C60",
        "constraint": "off-board pile -> fence scatter",
        "from": [
          0.0,
          0.0
        ],
        "to": [
          206.65,
          22.25
        ],
        "distance_mm": 207.844,
        "displaces_movable": 0
      },
      {
        "ref": "C61",
        "constraint": "off-board pile -> fence scatter",
        "from": [
          0.0,
          0.0
        ],
        "to": [
          206.65,
          27.25
        ],
        "distance_mm": 208.439,
        "displaces_movable": 0
      },
      {
        "ref": "C62",
        "constraint": "off-board pile -> fence scatter",
        "from": [
          0.0,
          0.0
        ],
        "to": [
          246.65,
          47.25
        ],
        "distance_mm": 251.135,
        "displaces_movable": 0
      },
      {
        "ref": "C63",
        "constraint": "off-board pile -> fence scatter",
        "from": [
          0.0,
          0.0
        ],
        "to": [
          206.65,
          32.25
        ],
        "distance_mm": 209.151,
        "displaces_movable": 0
      },
      {
        "ref": "D3",
        "constraint": "off-board pile -> fence scatter",
        "from": [
          0.0,
          0.0
        ],
        "to": [
          222.65,
          47.25
        ],
        "distance_mm": 227.608,
        "displaces_movable": 0
      },
      {
        "ref": "Q10",
        "constraint": "off-board pile -> fence scatter",
        "from": [
          0.0,
          0.0
        ],
        "to": [
          222.65,
          52.25
        ],
        "distance_mm": 228.699,
        "displaces_movable": 0
      },
      {
        "ref": "Q11",
        "constraint": "off-board pile -> fence scatter",
        "from": [
          0.0,
          0.0
        ],
        "to": [
          230.65,
          52.25
        ],
        "distance_mm": 236.494,
        "displaces_movable": 0
      },
      {
        "ref": "Q12",
        "constraint": "off-board pile -> fence scatter",
        "from": [
          0.0,
          0.0
        ],
        "to": [
          238.65,
          52.25
        ],
        "distance_mm": 244.303,
        "displaces_movable": 0
      },
      {
        "ref": "Q13",
        "constraint": "off-board pile -> fence scatter",
        "from": [
          0.0,
          0.0
        ],
        "to": [
          246.65,
          52.25
        ],
        "distance_mm": 252.124,
        "displaces_movable": 0
      },
      {
        "ref": "Q14",
        "constraint": "off-board pile -> fence scatter",
        "from": [
          0.0,
          0.0
        ],
        "to": [
          206.65,
          57.25
        ],
        "distance_mm": 214.434,
        "displaces_movable": 0
      },
      {
        "ref": "Q15",
        "constraint": "off-board pile -> fence scatter",
        "from": [
          0.0,
          0.0
        ],
        "to": [
          214.65,
          57.25
        ],
        "distance_mm": 222.154,
        "displaces_movable": 0
      },
      {
        "ref": "Q16",
        "constraint": "off-board pile -> fence scatter",
        "from": [
          0.0,
          0.0
        ],
        "to": [
          222.65,
          57.25
        ],
        "distance_mm": 229.893,
        "displaces_movable": 0
      },
      {
        "ref": "Q17",
        "constraint": "off-board pile -> fence scatter",
        "from": [
          0.0,
          0.0
        ],
        "to": [
          230.65,
          57.25
        ],
        "distance_mm": 237.649,
        "displaces_movable": 0
      },
      {
        "ref": "Q18",
        "constraint": "off-board pile -> fence scatter",
        "from": [
          0.0,
          0.0
        ],
        "to": [
          238.65,
          57.25
        ],
        "distance_mm": 245.421,
        "displaces_movable": 0
      },
      {
        "ref": "Q19",
        "constraint": "off-board pile -> fence scatter",
        "from": [
          0.0,
          0.0
        ],
        "to": [
          246.65,
          57.25
        ],
        "distance_mm": 253.207,
        "displaces_movable": 0
      },
      {
        "ref": "Q20",
        "constraint": "off-board pile -> fence scatter",
        "from": [
          0.0,
          0.0
        ],
        "to": [
          206.65,
          62.25
        ],
        "distance_mm": 215.822,
        "displaces_movable": 0
      },
      {
        "ref": "Q21",
        "constraint": "off-board pile -> fence scatter",
        "from": [
          0.0,
          0.0
        ],
        "to": [
          214.65,
          62.25
        ],
        "distance_mm": 223.494,
        "displaces_movable": 0
      },
      {
        "ref": "Q22",
        "constraint": "off-board pile -> fence scatter",
        "from": [
          0.0,
          0.0
        ],
        "to": [
          222.65,
          62.25
        ],
        "distance_mm": 231.188,
        "displaces_movable": 0
      },
      {
        "ref": "Q23",
        "constraint": "off-board pile -> fence scatter",
        "from": [
          0.0,
          0.0
        ],
        "to": [
          230.65,
          62.25
        ],
        "distance_mm": 238.903,
        "displaces_movable": 0
      },
      {
        "ref": "Q24",
        "constraint": "off-board pile -> fence scatter",
        "from": [
          0.0,
          0.0
        ],
        "to": [
          238.65,
          62.25
        ],
        "distance_mm": 246.635,
        "displaces_movable": 0
      },
      {
        "ref": "Q25",
        "constraint": "off-board pile -> fence scatter",
        "from": [
          0.0,
          0.0
        ],
        "to": [
          246.65,
          62.25
        ],
        "distance_mm": 254.384,
        "displaces_movable": 0
      },
      {
        "ref": "Q26",
        "constraint": "off-board pile -> fence scatter",
        "from": [
          0.0,
          0.0
        ],
        "to": [
          206.65,
          67.25
        ],
        "distance_mm": 217.317,
        "displaces_movable": 0
      },
      {
        "ref": "Q27",
        "constraint": "off-board pile -> fence scatter",
        "from": [
          0.0,
          0.0
        ],
        "to": [
          214.65,
          67.25
        ],
        "distance_mm": 224.938,
        "displaces_movable": 0
      },
      {
        "ref": "Q28",
        "constraint": "off-board pile -> fence scatter",
        "from": [
          0.0,
          0.0
        ],
        "to": [
          222.65,
          67.25
        ],
        "distance_mm": 232.585,
        "displaces_movable": 0
      },
      {
        "ref": "Q29",
        "constraint": "off-board pile -> fence scatter",
        "from": [
          0.0,
          0.0
        ],
        "to": [
          230.65,
          67.25
        ],
        "distance_mm": 240.254,
        "displaces_movable": 0
      },
      {
        "ref": "Q30",
        "constraint": "off-board pile -> fence scatter",
        "from": [
          0.0,
          0.0
        ],
        "to": [
          238.65,
          67.25
        ],
        "distance_mm": 247.944,
        "displaces_movable": 0
      },
      {
        "ref": "Q9",
        "constraint": "off-board pile -> fence scatter",
        "from": [
          0.0,
          0.0
        ],
        "to": [
          246.65,
          67.25
        ],
        "distance_mm": 255.654,
        "displaces_movable": 0
      },
      {
        "ref": "R106",
        "constraint": "off-board pile -> fence scatter",
        "from": [
          0.0,
          0.0
        ],
        "to": [
          206.65,
          52.25
        ],
        "distance_mm": 213.153,
        "displaces_movable": 0
      },
      {
        "ref": "R107",
        "constraint": "off-board pile -> fence scatter",
        "from": [
          0.0,
          0.0
        ],
        "to": [
          214.65,
          52.25
        ],
        "distance_mm": 220.918,
        "displaces_movable": 0
      },
      {
        "ref": "R110",
        "constraint": "off-board pile -> fence scatter",
        "from": [
          0.0,
          0.0
        ],
        "to": [
          206.65,
          37.25
        ],
        "distance_mm": 209.98,
        "displaces_movable": 0
      },
      {
        "ref": "R111",
        "constraint": "off-board pile -> fence scatter",
        "from": [
          0.0,
          0.0
        ],
        "to": [
          206.65,
          42.25
        ],
        "distance_mm": 210.925,
        "displaces_movable": 0
      },
      {
        "ref": "R112",
        "constraint": "off-board pile -> fence scatter",
        "from": [
          0.0,
          0.0
        ],
        "to": [
          206.65,
          47.25
        ],
        "distance_mm": 211.983,
        "displaces_movable": 0
      },
      {
        "ref": "R113",
        "constraint": "off-board pile -> fence scatter",
        "from": [
          0.0,
          0.0
        ],
        "to": [
          230.65,
          47.25
        ],
        "distance_mm": 235.44,
        "displaces_movable": 0
      },
      {
        "ref": "R116",
        "constraint": "off-board pile -> fence scatter",
        "from": [
          0.0,
          0.0
        ],
        "to": [
          238.65,
          47.25
        ],
        "distance_mm": 243.283,
        "displaces_movable": 0
      }
    ],
    "boundary_nets": [
      {
        "net_code": 1,
        "net_name": "+24v",
        "x_mm": 202.65,
        "y_mm": 10.98,
        "side": "left",
        "from_ref": "Kbyp3P1",
        "from_xy": [
          188.72,
          10.98
        ],
        "distance_mm": 13.930000000000007
      },
      {
        "net_code": 2,
        "net_name": "+3.3v",
        "x_mm": 202.65,
        "y_mm": 15.375001000000001,
        "side": "left",
        "from_ref": "GPIOPENTODE1",
        "from_xy": [
          198.129999,
          15.375001000000001
        ],
        "distance_mm": 4.520001000000008
      },
      {
        "net_code": 3,
        "net_name": "+5v",
        "x_mm": 252.95,
        "y_mm": 33.44,
        "side": "right",
        "from_ref": "VOLb4",
        "from_xy": [
          260.21,
          33.44
        ],
        "distance_mm": 7.259999999999991
      },
      {
        "net_code": 16,
        "net_name": "B+",
        "x_mm": 202.65,
        "y_mm": 0.0,
        "side": "left",
        "from_ref": "R176",
        "from_xy": [
          2.3125,
          0.0
        ],
        "distance_mm": 200.3375
      },
      {
        "net_code": 53,
        "net_name": "EQ Return",
        "x_mm": 202.65,
        "y_mm": 21.25,
        "side": "left",
        "from_ref": "EQP1",
        "from_xy": [
          150.15,
          21.25
        ],
        "distance_mm": 52.5
      },
      {
        "net_code": 54,
        "net_name": "EQ Send",
        "x_mm": 202.65,
        "y_mm": 28.25,
        "side": "left",
        "from_ref": "EQP1",
        "from_xy": [
          150.15,
          28.25
        ],
        "distance_mm": 52.5
      },
      {
        "net_code": 57,
        "net_name": "EQBuffer",
        "x_mm": 252.95,
        "y_mm": -0.25,
        "side": "right",
        "from_ref": "Q1",
        "from_xy": [
          554.9245,
          -44.843
        ],
        "distance_mm": 305.24929860566425
      },
      {
        "net_code": 72,
        "net_name": "GND-5",
        "x_mm": 202.65,
        "y_mm": 17.325001,
        "side": "left",
        "from_ref": "GPIOPENTODE1",
        "from_xy": [
          191.130002,
          17.325001
        ],
        "distance_mm": 11.519998000000015
      },
      {
        "net_code": 73,
        "net_name": "GND-B",
        "x_mm": 252.95,
        "y_mm": 43.49,
        "side": "right",
        "from_ref": "RV1",
        "from_xy": [
          266.5,
          43.49
        ],
        "distance_mm": 13.550000000000011
      },
      {
        "net_code": 314,
        "net_name": "Net-(R114-Pad2)",
        "x_mm": 202.65,
        "y_mm": 0.0,
        "side": "left",
        "from_ref": "R211",
        "from_xy": [
          -1.4625,
          0.0
        ],
        "distance_mm": 204.1125
      },
      {
        "net_code": 315,
        "net_name": "Net-(R115-Pad2)",
        "x_mm": 202.65,
        "y_mm": 0.0,
        "side": "left",
        "from_ref": "R212",
        "from_xy": [
          -1.4625,
          0.0
        ],
        "distance_mm": 204.1125
      },
      {
        "net_code": 379,
        "net_name": "SCL_Sense",
        "x_mm": 202.65,
        "y_mm": 15.4375,
        "side": "left",
        "from_ref": "LEDP1",
        "from_xy": [
          181.105,
          15.4375
        ],
        "distance_mm": 21.545000000000016
      },
      {
        "net_code": 381,
        "net_name": "SDA_Sense",
        "x_mm": 202.65,
        "y_mm": 15.4375,
        "side": "left",
        "from_ref": "LEDP1",
        "from_xy": [
          180.455,
          15.4375
        ],
        "distance_mm": 22.194999999999993
      },
      {
        "net_code": 398,
        "net_name": "VAC_OE",
        "x_mm": 202.65,
        "y_mm": 15.4375,
        "side": "left",
        "from_ref": "LEDP1",
        "from_xy": [
          183.055,
          15.4375
        ],
        "distance_mm": 19.595
      },
      {
        "net_code": 414,
        "net_name": "VMID",
        "x_mm": 202.65,
        "y_mm": 0.0,
        "side": "left",
        "from_ref": "R211",
        "from_xy": [
          1.4625,
          0.0
        ],
        "distance_mm": 201.1875
      }
    ],
    "fixed_inside_nets": [],
    "courtyard_note": "courtyards are a v1 proxy: pad-bbox union + margin (board.py parses no courtyard layers yet)",
    "geometry_warnings": [],
    "infeasible_reason": "no feasible starting placement found in the region \u2014 Q15 courtyard leaves the region fence; VCFT1 courtyard leaves the region fence; VCFTS1 courtyard leaves the region fence; C44 and Q12 courtyards overlap; C45 and R107 courtyards overlap; C45 and R153 courtyards overlap; +11 more",
    "binding_constraint": null,
    "unrouted": [],
    "suggested_expansion": {
      "direction": "left",
      "mm": 12.5,
      "pressure": {
        "left": 12.0,
        "right": 3.0,
        "top": 0.0,
        "bottom": 0.0
      },
      "reason": "no feasible placement exists yet \u2014 fix the reason above before reading anything into this direction"
    },
    "preflight": [],
    "runtime_s": 1.83
  }
}
