{
  "candidates": [],
  "diagnostics": {
    "region": [
      0.25,
      -0.25,
      70.0,
      72.0
    ],
    "area": null,
    "pitch_mm": 0.5,
    "layers": [
      "F.Cu",
      "B.Cu"
    ],
    "seed": 0,
    "movable": [
      "ACPLATE1",
      "ACPLATE2",
      "ADCT1",
      "ADCT2",
      "C1",
      "C10",
      "C11",
      "C12",
      "C13",
      "C14",
      "C15",
      "C16",
      "C17",
      "C18",
      "C19",
      "C2",
      "C20",
      "C21",
      "C3",
      "C6",
      "C7",
      "C8",
      "C9",
      "CCS1",
      "CCS2",
      "EQP1",
      "EQT1",
      "EQT2",
      "FXP1",
      "FXT1",
      "FXT2",
      "G1T1",
      "G1T2",
      "GPIOTRIODE1",
      "GstopT1",
      "GstopT2",
      "J1",
      "KBC1T1",
      "KBC1T2",
      "KBC2T1",
      "KBC2T2",
      "KBC3T1",
      "KBC3T2",
      "KT1",
      "KT2",
      "Kbias1",
      "Kbias2",
      "KbyT1T1",
      "KbyT1T2",
      "KbyT2T1",
      "KbyT2T2",
      "Kbyp3T1",
      "Kbyp3T2",
      "KbypenT1",
      "KbypenT2",
      "LEDTRIODES1",
      "NFBa1",
      "NFBa2",
      "NFBb1",
      "NFBb2",
      "PT1",
      "PT2",
      "Q2",
      "Q3",
      "R1",
      "R2",
      "R21",
      "R213",
      "R214",
      "R22",
      "R23",
      "R24",
      "R25",
      "R26",
      "R27",
      "R28",
      "R29",
      "R3",
      "R30",
      "R31",
      "R32",
      "R33",
      "R34",
      "R35",
      "R36",
      "R37",
      "R38",
      "R39",
      "R4",
      "R40",
      "R41",
      "R42",
      "R43",
      "R44",
      "R45",
      "R46",
      "R47",
      "R48",
      "R49",
      "R5",
      "R50",
      "R51",
      "R52",
      "R53",
      "R54",
      "R55",
      "R56",
      "R57",
      "R58",
      "R59",
      "R6",
      "SourceP1",
      "SourceT1",
      "SourceT2",
      "StageP1",
      "StageT1",
      "StageT2",
      "VOLa1",
      "VOLa2",
      "VOLa3",
      "VOLb1",
      "VOLb2",
      "VOLb3",
      "doutdriverT1",
      "doutdriverT2"
    ],
    "movable_source": "explicit list",
    "auto_fixed": [],
    "auto_fixed_note": "locked footprints inside the fence, frozen at their KiCad position as obstacles + fixed HPWL anchors (never moved)",
    "unplaced_free_parts": [],
    "unplaced_note": "unlocked parts sitting off every board outline (a default-placed pile) \u2014 assigned to NO area, not auto-added; name them in components to place them, or roughly place them in KiCad first",
    "frozen_obstacles": [],
    "seeded": [
      {
        "ref": "ACPLATE1",
        "constraint": "off-board pile -> fence scatter",
        "from": [
          535.604,
          -12.044
        ],
        "to": [
          13.25,
          5.75
        ],
        "distance_mm": 522.657,
        "displaces_movable": 0
      },
      {
        "ref": "ACPLATE2",
        "constraint": "off-board pile -> fence scatter",
        "from": [
          535.604,
          37.236
        ],
        "to": [
          39.25,
          5.75
        ],
        "distance_mm": 497.352,
        "displaces_movable": 0
      },
      {
        "ref": "ADCT1",
        "constraint": "off-board pile -> fence scatter",
        "from": [
          502.414,
          -69.923
        ],
        "to": [
          13.25,
          18.75
        ],
        "distance_mm": 497.136,
        "displaces_movable": 0
      },
      {
        "ref": "ADCT2",
        "constraint": "off-board pile -> fence scatter",
        "from": [
          513.574,
          -89.033
        ],
        "to": [
          39.25,
          18.75
        ],
        "distance_mm": 486.416,
        "displaces_movable": 0
      },
      {
        "ref": "C1",
        "constraint": "off-board pile -> fence scatter",
        "from": [
          333.875,
          -43.253
        ],
        "to": [
          13.25,
          30.75
        ],
        "distance_mm": 329.054,
        "displaces_movable": 0
      },
      {
        "ref": "C10",
        "constraint": "off-board pile -> fence scatter",
        "from": [
          438.11,
          -86.933
        ],
        "to": [
          39.25,
          30.75
        ],
        "distance_mm": 415.859,
        "displaces_movable": 0
      },
      {
        "ref": "C11",
        "constraint": "off-board pile -> fence scatter",
        "from": [
          503.969,
          -81.713
        ],
        "to": [
          13.25,
          43.75
        ],
        "distance_mm": 506.504,
        "displaces_movable": 0
      },
      {
        "ref": "C12",
        "constraint": "off-board pile -> fence scatter",
        "from": [
          449.269,
          -100.823
        ],
        "to": [
          39.25,
          43.75
        ],
        "distance_mm": 434.761,
        "displaces_movable": 0
      },
      {
        "ref": "C13",
        "constraint": "off-board pile -> fence scatter",
        "from": [
          433.805,
          -42.133
        ],
        "to": [
          13.25,
          55.75
        ],
        "distance_mm": 431.796,
        "displaces_movable": 0
      },
      {
        "ref": "C14",
        "constraint": "off-board pile -> fence scatter",
        "from": [
          503.969,
          -87.563
        ],
        "to": [
          39.25,
          55.75
        ],
        "distance_mm": 486.315,
        "displaces_movable": 0
      }
    ],
    "boundary_nets": [
      {
        "net_code": 1,
        "net_name": "+24v",
        "x_mm": 70.25,
        "y_mm": -0.25,
        "side": "right",
        "from_ref": "Kbyp3P1",
        "from_xy": [
          410.1545,
          -66.973
        ],
        "distance_mm": 346.3914373209159
      },
      {
        "net_code": 2,
        "net_name": "+3.3v",
        "x_mm": 70.25,
        "y_mm": 71.75,
        "side": "bottom",
        "from_ref": "DS1",
        "from_xy": [
          155.19400000000002,
          112.79400000000001
        ],
        "distance_mm": 94.34030459988988
      },
      {
        "net_code": 3,
        "net_name": "+5v",
        "x_mm": 70.25,
        "y_mm": -0.25,
        "side": "right",
        "from_ref": "R76",
        "from_xy": [
          375.2495,
          -79.953
        ],
        "distance_mm": 315.24159498589336
      },
      {
        "net_code": 13,
        "net_name": "Audio Input P1",
        "x_mm": 70.25,
        "y_mm": -0.25,
        "side": "right",
        "from_ref": "R72",
        "from_xy": [
          376.68700099999995,
          -88.393
        ],
        "distance_mm": 318.8617631997822
      },
      {
        "net_code": 30,
        "net_name": "C+",
        "x_mm": 70.25,
        "y_mm": -0.25,
        "side": "right",
        "from_ref": "C+1",
        "from_xy": [
          565.7345,
          -45.123
        ],
        "distance_mm": 497.5122871540461
      },
      {
        "net_code": 34,
        "net_name": "Cathode Audio Out P1",
        "x_mm": 70.25,
        "y_mm": -0.25,
        "side": "right",
        "from_ref": "R92",
        "from_xy": [
          401.111999,
          -43.123
        ],
        "distance_mm": 333.6281710396711
      },
      {
        "net_code": 52,
        "net_name": "EQ P1",
        "x_mm": 70.25,
        "y_mm": -0.25,
        "side": "right",
        "from_ref": "OUTDRIVERP1",
        "from_xy": [
          417.4845,
          -66.072999
        ],
        "distance_mm": 353.41825814126247
      },
      {
        "net_code": 53,
        "net_name": "EQ Return",
        "x_mm": 70.25,
        "y_mm": 71.75,
        "side": "bottom",
        "from_ref": "VCFTS1",
        "from_xy": [
          424.25600000000003,
          239.396
        ],
        "distance_mm": 391.69558250253476
      },
      {
        "net_code": 54,
        "net_name": "EQ Send",
        "x_mm": 70.25,
        "y_mm": 71.75,
        "side": "bottom",
        "from_ref": "EQBuffer1",
        "from_xy": [
          475.17900000000003,
          171.69
        ],
        "distance_mm": 417.0797269599663
      },
      {
        "net_code": 59,
        "net_name": "Enable P1",
        "x_mm": 70.25,
        "y_mm": -0.25,
        "side": "right",
        "from_ref": "OUTDRIVERP1",
        "from_xy": [
          421.29449800000003,
          -66.073001
        ],
        "distance_mm": 357.1622978937139
      },
      {
        "net_code": 66,
        "net_name": "FX P1",
        "x_mm": 70.25,
        "y_mm": -0.25,
        "side": "right",
        "from_ref": "OUTDRIVERP1",
        "from_xy": [
          418.7545,
          -66.073
        ],
        "distance_mm": 354.6661160151192
      },
      {
        "net_code": 67,
        "net_name": "FX Return",
        "x_mm": 70.25,
        "y_mm": 71.75,
        "side": "bottom",
        "from_ref": "VOLa4",
        "from_xy": [
          445.516,
          211.796
        ],
        "distance_mm": 400.5464428402779
      },
      {
        "net_code": 68,
        "net_name": "FX Send",
        "x_mm": 70.25,
        "y_mm": 71.75,
        "side": "bottom",
        "from_ref": "C37",
        "from_xy": [
          541.949,
          123.68
        ],
        "distance_mm": 474.54891370753336
      },
      {
        "net_code": 71,
        "net_name": "GND-24",
        "x_mm": 70.25,
        "y_mm": -0.25,
        "side": "right",
        "from_ref": "OUTDRIVERP1",
        "from_xy": [
          422.5645,
          -56.673002
        ],
        "distance_mm": 356.80395466550254
      },
      {
        "net_code": 72,
        "net_name": "GND-5",
        "x_mm": 70.25,
        "y_mm": -0.25,
        "side": "right",
        "from_ref": "S1",
        "from_xy": [
          71.25,
          -22.741
        ],
        "distance_mm": 22.513220138398683
      },
      {
        "net_code": 73,
        "net_name": "GND-B",
        "x_mm": 70.25,
        "y_mm": 71.75,
        "side": "bottom",
        "from_ref": "VOLb4",
        "from_xy": [
          445.516,
          217.736
        ],
        "distance_mm": 402.6617475648761
      },
      {
        "net_code": 74,
        "net_name": "GND-C",
        "x_mm": 70.25,
        "y_mm": -0.25,
        "side": "right",
        "from_ref": "G2",
        "from_xy": [
          567.1345,
          -61.033
        ],
        "distance_mm": 500.5884331756478
      },
      {
        "net_code": 75,
        "net_name": "GND-D",
        "x_mm": 70.25,
        "y_mm": -0.25,
        "side": "right",
        "from_ref": "R72",
        "from_xy": [
          373.761999,
          -88.393
        ],
        "distance_mm": 316.0517710533766
      },
      {
        "net_code": 90,
        "net_name": "Input PI",
        "x_mm": 70.25,
        "y_mm": -0.25,
        "side": "right",
        "from_ref": "R159",
        "from_xy": [
          573.102,
          -85.163
        ],
        "distance_mm": 509.970931988285
      },
      {
        "net_code": 366,
        "net_name": "Plate Audio Out P1",
        "x_mm": 70.25,
        "y_mm": -0.25,
        "side": "right",
        "from_ref": "C29",
        "from_xy": [
          364.4995,
          -53.813
        ],
        "distance_mm": 299.08487627971095
      },
      {
        "net_code": 378,
        "net_name": "SCL_Control",
        "x_mm": 70.25,
        "y_mm": 71.75,
        "side": "bottom",
        "from_ref": "GPIO1PAN1",
        "from_xy": [
          398.929,
          148.735
        ],
        "distance_mm": 337.57454771650066
      },
      {
        "net_code": 379,
        "net_name": "SCL_Sense",
        "x_mm": 70.25,
        "y_mm": -0.25,
        "side": "right",
        "from_ref": "LEDP1",
        "from_xy": [
          418.16700000000003,
          -44.848
        ],
        "distance_mm": 350.7637673605984
      },
      {
        "net_code": 380,
        "net_name": "SDA_Control",
        "x_mm": 70.25,
        "y_mm": 71.75,
        "side": "bottom",
        "from_ref": "GPIO1PAN1",
        "from_xy": [
          398.929,
          149.385
        ],
        "distance_mm": 337.72337536214457
      },
      {
        "net_code": 381,
        "net_name": "SDA_Sense",
        "x_mm": 70.25,
        "y_mm": -0.25,
        "side": "right",
        "from_ref": "LEDP1",
        "from_xy": [
          418.16700000000003,
          -45.498000000000005
        ],
        "distance_mm": 350.8470042525659
      },
      {
        "net_code": 393,
        "net_name": "Source P1",
        "x_mm": 70.25,
        "y_mm": -0.25,
        "side": "right",
        "from_ref": "OUTDRIVERP1",
        "from_xy": [
          420.02449900000005,
          -66.072997
        ],
        "distance_mm": 355.9141288074457
      },
      {
        "net_code": 398,
        "net_name": "VAC_OE",
        "x_mm": 70.25,
        "y_mm": -0.25,
        "side": "right",
        "from_ref": "LEDP1",
        "from_xy": [
          418.16700000000003,
          -42.898
        ],
        "distance_mm": 350.5211702493874
      },
      {
        "net_code": 420,
        "net_name": "Volume Bot P1",
        "x_mm": 70.25,
        "y_mm": -0.25,
        "side": "right",
        "from_ref": "LEDP1",
        "from_xy": [
          412.442,
          -38.348
        ],
        "distance_mm": 344.30629164742254
      },
      {
        "net_code": 423,
        "net_name": "Volume Top P1",
        "x_mm": 70.25,
        "y_mm": -0.25,
        "side": "right",
        "from_ref": "LEDP1",
        "from_xy": [
          412.442,
          -38.998000000000005
        ],
        "distance_mm": 344.37882102127014
      }
    ],
    "fixed_inside_nets": [],
    "courtyard_note": "courtyards are a v1 proxy: pad-bbox union + margin (board.py parses no courtyard layers yet)",
    "geometry_warnings": [],
    "infeasible_reason": "no feasible starting placement found in the region \u2014 ACPLATE1 courtyard leaves the region fence; ACPLATE2 courtyard leaves the region fence; C16 courtyard leaves the region fence; C7 courtyard leaves the region fence; C8 courtyard leaves the region fence; C9 courtyard leaves the region fence; +36 more",
    "binding_constraint": null,
    "unrouted": [],
    "suggested_expansion": {
      "direction": "right",
      "mm": 17.5,
      "pressure": {
        "left": 0.0,
        "right": 20.0,
        "top": 0.0,
        "bottom": 8.0
      },
      "reason": "no feasible placement exists yet \u2014 fix the reason above before reading anything into this direction"
    },
    "preflight": [],
    "runtime_s": 1.73
  }
}
